{"C:\\Users\\עדן אהרון\\source\\repos\\advanced applications\\myapp\\src\\server.ts": {"path":"C:\\Users\\עדן אהרון\\source\\repos\\advanced applications\\myapp\\src\\server.ts","statementMap":{"0":{"start":{"line":1,"column":0},"end":{"line":1,"column":28}},"1":{"start":{"line":2,"column":0},"end":{"line":2,"column":16}},"2":{"start":{"line":4,"column":0},"end":{"line":4,"column":39}},"3":{"start":{"line":5,"column":12},"end":{"line":5,"column":21}},"4":{"start":{"line":6,"column":0},"end":{"line":6,"column":24}},"5":{"start":{"line":8,"column":13},"end":{"line":8,"column":29}},"6":{"start":{"line":9,"column":0},"end":{"line":9,"column":32}},"7":{"start":{"line":10,"column":0},"end":{"line":10,"column":47}},"8":{"start":{"line":11,"column":0},"end":{"line":11,"column":52}},"9":{"start":{"line":12,"column":0},"end":{"line":12,"column":37}},"10":{"start":{"line":13,"column":0},"end":{"line":13,"column":45}},"11":{"start":{"line":15,"column":16},"end":{"line":45,"column":1}},"12":{"start":{"line":16,"column":2},"end":{"line":44,"column":5}},"13":{"start":{"line":17,"column":15},"end":{"line":17,"column":34}},"14":{"start":{"line":18,"column":4},"end":{"line":20,"column":7}},"15":{"start":{"line":19,"column":4},"end":{"line":19,"column":null}},"16":{"start":{"line":21,"column":4},"end":{"line":23,"column":7}},"17":{"start":{"line":22,"column":4},"end":{"line":22,"column":null}},"18":{"start":{"line":25,"column":4},"end":{"line":43,"column":3}},"19":{"start":{"line":26,"column":6},"end":{"line":26,"column":45}},"20":{"start":{"line":27,"column":6},"end":{"line":27,"column":15}},"21":{"start":{"line":29,"column":4},"end":{"line":42,"column":7}},"22":{"start":{"line":30,"column":6},"end":{"line":30,"column":38}},"23":{"start":{"line":33,"column":4},"end":{"line":33,"column":31}},"24":{"start":{"line":34,"column":4},"end":{"line":34,"column":53}},"25":{"start":{"line":35,"column":4},"end":{"line":35,"column":35}},"26":{"start":{"line":36,"column":4},"end":{"line":36,"column":40}},"27":{"start":{"line":37,"column":4},"end":{"line":37,"column":32}},"28":{"start":{"line":38,"column":4},"end":{"line":40,"column":7}},"29":{"start":{"line":39,"column":8},"end":{"line":39,"column":36}},"30":{"start":{"line":41,"column":4},"end":{"line":41,"column":17}},"31":{"start":{"line":46,"column":0},"end":{"line":46,"column":23}}},"fnMap":{"0":{"name":"(anonymous_1)","decl":{"start":{"line":15,"column":16},"end":{"line":15,"column":18}},"loc":{"start":{"line":15,"column":20},"end":{"line":45,"column":1}}},"1":{"name":"(anonymous_2)","decl":{"start":{"line":16,"column":33},"end":{"line":16,"column":34}},"loc":{"start":{"line":16,"column":51},"end":{"line":44,"column":3}}},"2":{"name":"(anonymous_3)","decl":{"start":{"line":18,"column":19},"end":{"line":18,"column":20}},"loc":{"start":{"line":18,"column":29},"end":{"line":20,"column":5}}},"3":{"name":"(anonymous_4)","decl":{"start":{"line":21,"column":20},"end":{"line":21,"column":23}},"loc":{"start":{"line":22,"column":4},"end":{"line":22,"column":null}}},"4":{"name":"(anonymous_5)","decl":{"start":{"line":29,"column":50},"end":{"line":29,"column":52}},"loc":{"start":{"line":29,"column":54},"end":{"line":42,"column":5}}},"5":{"name":"(anonymous_6)","decl":{"start":{"line":38,"column":17},"end":{"line":38,"column":18}},"loc":{"start":{"line":38,"column":28},"end":{"line":40,"column":5}}}},"branchMap":{"0":{"loc":{"start":{"line":25,"column":4},"end":{"line":43,"column":3}},"type":"if","locations":[{"start":{"line":25,"column":4},"end":{"line":43,"column":3}},{"start":{"line":28,"column":9},"end":{"line":43,"column":3}}]}},"s":{"0":3,"1":3,"2":3,"3":3,"4":3,"5":3,"6":3,"7":3,"8":3,"9":3,"10":3,"11":3,"12":3,"13":3,"14":3,"15":0,"16":3,"17":3,"18":3,"19":0,"20":0,"21":3,"22":3,"23":3,"24":3,"25":3,"26":3,"27":3,"28":3,"29":0,"30":3,"31":3},"f":{"0":3,"1":3,"2":0,"3":3,"4":3,"5":0},"b":{"0":[0,3]}}
,"C:\\Users\\עדן אהרון\\source\\repos\\advanced applications\\myapp\\src\\controllers\\auth_controller.ts": {"path":"C:\\Users\\עדן אהרון\\source\\repos\\advanced applications\\myapp\\src\\controllers\\auth_controller.ts","statementMap":{"0":{"start":{"line":2,"column":0},"end":{"line":2,"column":45}},"1":{"start":{"line":3,"column":0},"end":{"line":3,"column":28}},"2":{"start":{"line":4,"column":0},"end":{"line":4,"column":31}},"3":{"start":{"line":7,"column":17},"end":{"line":39,"column":2}},"4":{"start":{"line":7,"column":70},"end":{"line":39,"column":2}},"5":{"start":{"line":8,"column":32},"end":{"line":8,"column":40}},"6":{"start":{"line":10,"column":4},"end":{"line":13,"column":5}},"7":{"start":{"line":11,"column":8},"end":{"line":11,"column":64}},"8":{"start":{"line":12,"column":8},"end":{"line":12,"column":15}},"9":{"start":{"line":15,"column":4},"end":{"line":38,"column":5}},"10":{"start":{"line":16,"column":29},"end":{"line":16,"column":63}},"11":{"start":{"line":17,"column":8},"end":{"line":20,"column":9}},"12":{"start":{"line":18,"column":12},"end":{"line":18,"column":56}},"13":{"start":{"line":19,"column":12},"end":{"line":19,"column":19}},"14":{"start":{"line":22,"column":21},"end":{"line":22,"column":45}},"15":{"start":{"line":23,"column":31},"end":{"line":23,"column":64}},"16":{"start":{"line":24,"column":21},"end":{"line":27,"column":10}},"17":{"start":{"line":28,"column":8},"end":{"line":34,"column":11}},"18":{"start":{"line":36,"column":8},"end":{"line":36,"column":27}},"19":{"start":{"line":37,"column":8},"end":{"line":37,"column":55}},"20":{"start":{"line":41,"column":14},"end":{"line":79,"column":null}},"21":{"start":{"line":41,"column":67},"end":{"line":79,"column":null}},"22":{"start":{"line":42,"column":18},"end":{"line":42,"column":32}},"23":{"start":{"line":43,"column":21},"end":{"line":43,"column":38}},"24":{"start":{"line":45,"column":4},"end":{"line":47,"column":5}},"25":{"start":{"line":46,"column":9},"end":{"line":46,"column":62}},"26":{"start":{"line":48,"column":4},"end":{"line":78,"column":5}},"27":{"start":{"line":49,"column":21},"end":{"line":49,"column":60}},"28":{"start":{"line":50,"column":8},"end":{"line":54,"column":9}},"29":{"start":{"line":51,"column":12},"end":{"line":51,"column":63}},"30":{"start":{"line":52,"column":12},"end":{"line":52,"column":19}},"31":{"start":{"line":55,"column":30},"end":{"line":55,"column":75}},"32":{"start":{"line":56,"column":8},"end":{"line":59,"column":9}},"33":{"start":{"line":57,"column":13},"end":{"line":57,"column":64}},"34":{"start":{"line":58,"column":12},"end":{"line":58,"column":19}},"35":{"start":{"line":60,"column":8},"end":{"line":64,"column":9}},"36":{"start":{"line":61,"column":13},"end":{"line":61,"column":64}},"37":{"start":{"line":62,"column":13},"end":{"line":62,"column":20}},"38":{"start":{"line":65,"column":22},"end":{"line":68,"column":null}},"39":{"start":{"line":70,"column":8},"end":{"line":74,"column":11}},"40":{"start":{"line":76,"column":5},"end":{"line":76,"column":21}},"41":{"start":{"line":84,"column":30},"end":{"line":105,"column":1}},"42":{"start":{"line":85,"column":26},"end":{"line":85,"column":53}},"43":{"start":{"line":86,"column":18},"end":{"line":86,"column":62}},"44":{"start":{"line":88,"column":4},"end":{"line":91,"column":5}},"45":{"start":{"line":89,"column":8},"end":{"line":89,"column":46}},"46":{"start":{"line":90,"column":8},"end":{"line":90,"column":15}},"47":{"start":{"line":92,"column":4},"end":{"line":95,"column":5}},"48":{"start":{"line":93,"column":8},"end":{"line":93,"column":45}},"49":{"start":{"line":94,"column":8},"end":{"line":94,"column":15}},"50":{"start":{"line":97,"column":4},"end":{"line":104,"column":7}},"51":{"start":{"line":98,"column":8},"end":{"line":101,"column":9}},"52":{"start":{"line":99,"column":12},"end":{"line":99,"column":50}},"53":{"start":{"line":100,"column":12},"end":{"line":100,"column":19}},"54":{"start":{"line":102,"column":8},"end":{"line":102,"column":53}},"55":{"start":{"line":103,"column":8},"end":{"line":103,"column":15}},"56":{"start":{"line":84,"column":13},"end":{"line":84,"column":30}},"57":{"start":{"line":106,"column":0},"end":{"line":106,"column":35}}},"fnMap":{"0":{"name":"(anonymous_8)","decl":{"start":{"line":7,"column":17},"end":{"line":7,"column":24}},"loc":{"start":{"line":7,"column":70},"end":{"line":39,"column":2}}},"1":{"name":"(anonymous_9)","decl":{"start":{"line":7,"column":70},"end":{"line":7,"column":null}},"loc":{"start":{"line":7,"column":70},"end":{"line":39,"column":1}}},"2":{"name":"(anonymous_10)","decl":{"start":{"line":41,"column":14},"end":{"line":41,"column":21}},"loc":{"start":{"line":41,"column":67},"end":{"line":79,"column":null}}},"3":{"name":"(anonymous_11)","decl":{"start":{"line":41,"column":67},"end":{"line":41,"column":null}},"loc":{"start":{"line":41,"column":67},"end":{"line":79,"column":1}}},"4":{"name":"(anonymous_12)","decl":{"start":{"line":84,"column":30},"end":{"line":84,"column":31}},"loc":{"start":{"line":84,"column":82},"end":{"line":105,"column":1}}},"5":{"name":"(anonymous_13)","decl":{"start":{"line":97,"column":48},"end":{"line":97,"column":49}},"loc":{"start":{"line":97,"column":65},"end":{"line":104,"column":5}}}},"branchMap":{"0":{"loc":{"start":{"line":10,"column":4},"end":{"line":13,"column":5}},"type":"if","locations":[{"start":{"line":10,"column":4},"end":{"line":13,"column":5}}]},"1":{"loc":{"start":{"line":10,"column":8},"end":{"line":10,"column":27}},"type":"binary-expr","locations":[{"start":{"line":10,"column":8},"end":{"line":10,"column":14}},{"start":{"line":10,"column":18},"end":{"line":10,"column":27}}]},"2":{"loc":{"start":{"line":17,"column":8},"end":{"line":20,"column":9}},"type":"if","locations":[{"start":{"line":17,"column":8},"end":{"line":20,"column":9}}]},"3":{"loc":{"start":{"line":45,"column":4},"end":{"line":47,"column":5}},"type":"if","locations":[{"start":{"line":45,"column":4},"end":{"line":47,"column":5}}]},"4":{"loc":{"start":{"line":45,"column":7},"end":{"line":45,"column":26}},"type":"binary-expr","locations":[{"start":{"line":45,"column":7},"end":{"line":45,"column":13}},{"start":{"line":45,"column":17},"end":{"line":45,"column":26}}]},"5":{"loc":{"start":{"line":50,"column":8},"end":{"line":54,"column":9}},"type":"if","locations":[{"start":{"line":50,"column":8},"end":{"line":54,"column":9}}]},"6":{"loc":{"start":{"line":56,"column":8},"end":{"line":59,"column":9}},"type":"if","locations":[{"start":{"line":56,"column":8},"end":{"line":59,"column":9}}]},"7":{"loc":{"start":{"line":60,"column":8},"end":{"line":64,"column":9}},"type":"if","locations":[{"start":{"line":60,"column":8},"end":{"line":64,"column":9}}]},"8":{"loc":{"start":{"line":86,"column":18},"end":{"line":86,"column":62}},"type":"binary-expr","locations":[{"start":{"line":86,"column":18},"end":{"line":86,"column":31}},{"start":{"line":86,"column":35},"end":{"line":86,"column":62}}]},"9":{"loc":{"start":{"line":88,"column":4},"end":{"line":91,"column":5}},"type":"if","locations":[{"start":{"line":88,"column":4},"end":{"line":91,"column":5}}]},"10":{"loc":{"start":{"line":92,"column":4},"end":{"line":95,"column":5}},"type":"if","locations":[{"start":{"line":92,"column":4},"end":{"line":95,"column":5}}]},"11":{"loc":{"start":{"line":98,"column":8},"end":{"line":101,"column":9}},"type":"if","locations":[{"start":{"line":98,"column":8},"end":{"line":101,"column":9}}]}},"s":{"0":3,"1":3,"2":3,"3":3,"4":2,"5":2,"6":2,"7":0,"8":0,"9":2,"10":2,"11":2,"12":1,"13":1,"14":1,"15":1,"16":1,"17":1,"18":0,"19":0,"20":3,"21":1,"22":1,"23":1,"24":1,"25":0,"26":1,"27":1,"28":1,"29":0,"30":0,"31":1,"32":1,"33":0,"34":0,"35":1,"36":0,"37":0,"38":1,"39":1,"40":0,"41":3,"42":5,"43":5,"44":5,"45":3,"46":3,"47":2,"48":0,"49":0,"50":2,"51":2,"52":1,"53":1,"54":1,"55":1,"56":3,"57":3},"f":{"0":2,"1":2,"2":1,"3":1,"4":5,"5":2},"b":{"0":[0],"1":[2,2],"2":[1],"3":[0],"4":[1,1],"5":[0],"6":[0],"7":[0],"8":[5,2],"9":[3],"10":[0],"11":[1]}}
,"C:\\Users\\עדן אהרון\\source\\repos\\advanced applications\\myapp\\src\\controllers\\base_controller.ts": {"path":"C:\\Users\\עדן אהרון\\source\\repos\\advanced applications\\myapp\\src\\controllers\\base_controller.ts","statementMap":{"0":{"start":{"line":9,"column":8},"end":{"line":9,"column":25}},"1":{"start":{"line":13,"column":22},"end":{"line":13,"column":37}},"2":{"start":{"line":14,"column":4},"end":{"line":25,"column":5}},"3":{"start":{"line":15,"column":8},"end":{"line":21,"column":9}},"4":{"start":{"line":16,"column":26},"end":{"line":16,"column":68}},"5":{"start":{"line":17,"column":12},"end":{"line":17,"column":40}},"6":{"start":{"line":19,"column":26},"end":{"line":19,"column":49}},"7":{"start":{"line":20,"column":12},"end":{"line":20,"column":40}},"8":{"start":{"line":24,"column":5},"end":{"line":24,"column":50}},"9":{"start":{"line":29,"column":14},"end":{"line":29,"column":22}},"10":{"start":{"line":30,"column":3},"end":{"line":36,"column":3}},"11":{"start":{"line":31,"column":20},"end":{"line":31,"column":49}},"12":{"start":{"line":32,"column":4},"end":{"line":32,"column":34}},"13":{"start":{"line":34,"column":4},"end":{"line":34,"column":51}},"14":{"start":{"line":40,"column":17},"end":{"line":40,"column":30}},"15":{"start":{"line":41,"column":4},"end":{"line":47,"column":5}},"16":{"start":{"line":42,"column":19},"end":{"line":42,"column":52}},"17":{"start":{"line":44,"column":7},"end":{"line":44,"column":34}},"18":{"start":{"line":46,"column":8},"end":{"line":46,"column":55}},"19":{"start":{"line":51,"column":4},"end":{"line":51,"column":33}},"20":{"start":{"line":52,"column":4},"end":{"line":52,"column":30}},"21":{"start":{"line":56,"column":1},"end":{"line":56,"column":32}}},"fnMap":{"0":{"name":"(anonymous_7)","decl":{"start":{"line":8,"column":4},"end":{"line":8,"column":16}},"loc":{"start":{"line":8,"column":30},"end":{"line":10,"column":5}}},"1":{"name":"(anonymous_8)","decl":{"start":{"line":12,"column":7},"end":{"line":12,"column":13}},"loc":{"start":{"line":12,"column":39},"end":{"line":26,"column":null}}},"2":{"name":"(anonymous_10)","decl":{"start":{"line":28,"column":6},"end":{"line":28,"column":12}},"loc":{"start":{"line":28,"column":39},"end":{"line":37,"column":2}}},"3":{"name":"(anonymous_12)","decl":{"start":{"line":39,"column":6},"end":{"line":39,"column":13}},"loc":{"start":{"line":39,"column":39},"end":{"line":48,"column":null}}},"4":{"name":"(anonymous_14)","decl":{"start":{"line":50,"column":0},"end":{"line":50,"column":6}},"loc":{"start":{"line":50,"column":33},"end":{"line":53,"column":2}}}},"branchMap":{"0":{"loc":{"start":{"line":15,"column":8},"end":{"line":21,"column":9}},"type":"if","locations":[{"start":{"line":15,"column":8},"end":{"line":21,"column":9}},{"start":{"line":18,"column":13},"end":{"line":21,"column":9}}]}},"s":{"0":6,"1":6,"2":6,"3":6,"4":2,"5":2,"6":4,"7":4,"8":0,"9":1,"10":1,"11":1,"12":1,"13":0,"14":2,"15":2,"16":2,"17":0,"18":2,"19":0,"20":0,"21":3},"f":{"0":6,"1":6,"2":1,"3":2,"4":0},"b":{"0":[2,4]}}
,"C:\\Users\\עדן אהרון\\source\\repos\\advanced applications\\myapp\\src\\controllers\\comments_controller.ts": {"path":"C:\\Users\\עדן אהרון\\source\\repos\\advanced applications\\myapp\\src\\controllers\\comments_controller.ts","statementMap":{"0":{"start":{"line":1,"column":0},"end":{"line":1,"column":65}},"1":{"start":{"line":3,"column":0},"end":{"line":3,"column":47}},"2":{"start":{"line":5,"column":27},"end":{"line":5,"column":70}},"3":{"start":{"line":7,"column":1},"end":{"line":7,"column":35}}},"fnMap":{},"branchMap":{},"s":{"0":3,"1":3,"2":3,"3":3},"f":{},"b":{}}
,"C:\\Users\\עדן אהרון\\source\\repos\\advanced applications\\myapp\\src\\controllers\\post_controller.ts": {"path":"C:\\Users\\עדן אהרון\\source\\repos\\advanced applications\\myapp\\src\\controllers\\post_controller.ts","statementMap":{"0":{"start":{"line":1,"column":0},"end":{"line":1,"column":53}},"1":{"start":{"line":3,"column":0},"end":{"line":3,"column":47}},"2":{"start":{"line":8,"column":8},"end":{"line":8,"column":25}},"3":{"start":{"line":12,"column":23},"end":{"line":12,"column":40}},"4":{"start":{"line":13,"column":18},"end":{"line":15,"column":null}},"5":{"start":{"line":17,"column":8},"end":{"line":17,"column":24}},"6":{"start":{"line":18,"column":8},"end":{"line":18,"column":31}},"7":{"start":{"line":22,"column":1},"end":{"line":22,"column":36}}},"fnMap":{"0":{"name":"(anonymous_8)","decl":{"start":{"line":7,"column":4},"end":{"line":7,"column":null}},"loc":{"start":{"line":7,"column":4},"end":{"line":9,"column":5}}},"1":{"name":"(anonymous_9)","decl":{"start":{"line":11,"column":10},"end":{"line":11,"column":16}},"loc":{"start":{"line":11,"column":44},"end":{"line":19,"column":6}}}},"branchMap":{},"s":{"0":3,"1":3,"2":3,"3":1,"4":1,"5":1,"6":1,"7":3},"f":{"0":3,"1":1},"b":{}}
,"C:\\Users\\עדן אהרון\\source\\repos\\advanced applications\\myapp\\src\\models\\comments_model.ts": {"path":"C:\\Users\\עדן אהרון\\source\\repos\\advanced applications\\myapp\\src\\models\\comments_model.ts","statementMap":{"0":{"start":{"line":1,"column":0},"end":{"line":1,"column":32}},"1":{"start":{"line":9,"column":23},"end":{"line":22,"column":4}},"2":{"start":{"line":24,"column":24},"end":{"line":24,"column":76}},"3":{"start":{"line":26,"column":2},"end":{"line":26,"column":31}}},"fnMap":{},"branchMap":{},"s":{"0":3,"1":3,"2":3,"3":3},"f":{},"b":{}}
,"C:\\Users\\עדן אהרון\\source\\repos\\advanced applications\\myapp\\src\\models\\post_model.ts": {"path":"C:\\Users\\עדן אהרון\\source\\repos\\advanced applications\\myapp\\src\\models\\post_model.ts","statementMap":{"0":{"start":{"line":1,"column":0},"end":{"line":1,"column":32}},"1":{"start":{"line":9,"column":19},"end":{"line":19,"column":4}},"2":{"start":{"line":21,"column":20},"end":{"line":21,"column":62}},"3":{"start":{"line":23,"column":2},"end":{"line":23,"column":27}}},"fnMap":{},"branchMap":{},"s":{"0":3,"1":3,"2":3,"3":3},"f":{},"b":{}}
,"C:\\Users\\עדן אהרון\\source\\repos\\advanced applications\\myapp\\src\\models\\user_model.ts": {"path":"C:\\Users\\עדן אהרון\\source\\repos\\advanced applications\\myapp\\src\\models\\user_model.ts","statementMap":{"0":{"start":{"line":1,"column":0},"end":{"line":1,"column":32}},"1":{"start":{"line":11,"column":19},"end":{"line":20,"column":4}},"2":{"start":{"line":22,"column":20},"end":{"line":22,"column":55}},"3":{"start":{"line":24,"column":2},"end":{"line":24,"column":27}}},"fnMap":{},"branchMap":{},"s":{"0":3,"1":3,"2":3,"3":3},"f":{},"b":{}}
,"C:\\Users\\עדן אהרון\\source\\repos\\advanced applications\\myapp\\src\\routes\\auth_routes.ts": {"path":"C:\\Users\\עדן אהרון\\source\\repos\\advanced applications\\myapp\\src\\routes\\auth_routes.ts","statementMap":{"0":{"start":{"line":1,"column":0},"end":{"line":1,"column":30}},"1":{"start":{"line":2,"column":15},"end":{"line":2,"column":31}},"2":{"start":{"line":3,"column":0},"end":{"line":3,"column":60}},"3":{"start":{"line":5,"column":0},"end":{"line":5,"column":50}},"4":{"start":{"line":7,"column":0},"end":{"line":7,"column":44}},"5":{"start":{"line":10,"column":0},"end":{"line":10,"column":22}}},"fnMap":{},"branchMap":{},"s":{"0":3,"1":3,"2":3,"3":3,"4":3,"5":3},"f":{},"b":{}}
,"C:\\Users\\עדן אהרון\\source\\repos\\advanced applications\\myapp\\src\\routes\\comments_routes.ts": {"path":"C:\\Users\\עדן אהרון\\source\\repos\\advanced applications\\myapp\\src\\routes\\comments_routes.ts","statementMap":{"0":{"start":{"line":1,"column":0},"end":{"line":1,"column":30}},"1":{"start":{"line":2,"column":15},"end":{"line":2,"column":31}},"2":{"start":{"line":3,"column":0},"end":{"line":3,"column":68}},"3":{"start":{"line":4,"column":0},"end":{"line":4,"column":62}},"4":{"start":{"line":6,"column":0},"end":{"line":6,"column":67}},"5":{"start":{"line":8,"column":0},"end":{"line":8,"column":71}},"6":{"start":{"line":10,"column":0},"end":{"line":10,"column":84}},"7":{"start":{"line":12,"column":0},"end":{"line":12,"column":89}},"8":{"start":{"line":14,"column":0},"end":{"line":14,"column":22}}},"fnMap":{},"branchMap":{},"s":{"0":3,"1":3,"2":3,"3":3,"4":3,"5":3,"6":3,"7":3,"8":3},"f":{},"b":{}}
,"C:\\Users\\עדן אהרון\\source\\repos\\advanced applications\\myapp\\src\\routes\\posts_routes.ts": {"path":"C:\\Users\\עדן אהרון\\source\\repos\\advanced applications\\myapp\\src\\routes\\posts_routes.ts","statementMap":{"0":{"start":{"line":1,"column":0},"end":{"line":1,"column":65}},"1":{"start":{"line":2,"column":15},"end":{"line":2,"column":31}},"2":{"start":{"line":3,"column":0},"end":{"line":3,"column":60}},"3":{"start":{"line":4,"column":0},"end":{"line":4,"column":62}},"4":{"start":{"line":6,"column":0},"end":{"line":6,"column":59}},"5":{"start":{"line":8,"column":0},"end":{"line":8,"column":63}},"6":{"start":{"line":10,"column":0},"end":{"line":11,"column":40}},"7":{"start":{"line":11,"column":4},"end":{"line":11,"column":36}},"8":{"start":{"line":13,"column":0},"end":{"line":13,"column":81}},"9":{"start":{"line":15,"column":0},"end":{"line":15,"column":22}}},"fnMap":{"0":{"name":"(anonymous_1)","decl":{"start":{"line":10,"column":32},"end":{"line":10,"column":33}},"loc":{"start":{"line":10,"column":64},"end":{"line":11,"column":37}}}},"branchMap":{},"s":{"0":3,"1":3,"2":3,"3":3,"4":3,"5":3,"6":3,"7":1,"8":3,"9":3},"f":{"0":1},"b":{}}
}
