{"C:\\Users\\עדן אהרון\\source\\repos\\advanced applications\\myapp\\src\\server.ts": {"path":"C:\\Users\\עדן אהרון\\source\\repos\\advanced applications\\myapp\\src\\server.ts","statementMap":{"0":{"start":{"line":1,"column":0},"end":{"line":1,"column":28}},"1":{"start":{"line":2,"column":0},"end":{"line":2,"column":16}},"2":{"start":{"line":4,"column":0},"end":{"line":4,"column":39}},"3":{"start":{"line":5,"column":12},"end":{"line":5,"column":21}},"4":{"start":{"line":6,"column":0},"end":{"line":6,"column":24}},"5":{"start":{"line":8,"column":13},"end":{"line":8,"column":29}},"6":{"start":{"line":9,"column":0},"end":{"line":9,"column":32}},"7":{"start":{"line":10,"column":0},"end":{"line":10,"column":47}},"8":{"start":{"line":11,"column":0},"end":{"line":11,"column":52}},"9":{"start":{"line":12,"column":0},"end":{"line":12,"column":37}},"10":{"start":{"line":13,"column":0},"end":{"line":13,"column":45}},"11":{"start":{"line":15,"column":16},"end":{"line":45,"column":1}},"12":{"start":{"line":16,"column":2},"end":{"line":44,"column":5}},"13":{"start":{"line":17,"column":15},"end":{"line":17,"column":34}},"14":{"start":{"line":18,"column":4},"end":{"line":20,"column":7}},"15":{"start":{"line":19,"column":4},"end":{"line":19,"column":null}},"16":{"start":{"line":21,"column":4},"end":{"line":23,"column":7}},"17":{"start":{"line":22,"column":4},"end":{"line":22,"column":null}},"18":{"start":{"line":25,"column":4},"end":{"line":43,"column":3}},"19":{"start":{"line":26,"column":6},"end":{"line":26,"column":45}},"20":{"start":{"line":27,"column":6},"end":{"line":27,"column":15}},"21":{"start":{"line":29,"column":4},"end":{"line":42,"column":7}},"22":{"start":{"line":30,"column":6},"end":{"line":30,"column":38}},"23":{"start":{"line":33,"column":4},"end":{"line":33,"column":31}},"24":{"start":{"line":34,"column":4},"end":{"line":34,"column":53}},"25":{"start":{"line":35,"column":4},"end":{"line":35,"column":35}},"26":{"start":{"line":36,"column":4},"end":{"line":36,"column":40}},"27":{"start":{"line":37,"column":4},"end":{"line":37,"column":32}},"28":{"start":{"line":38,"column":4},"end":{"line":40,"column":7}},"29":{"start":{"line":39,"column":8},"end":{"line":39,"column":36}},"30":{"start":{"line":41,"column":4},"end":{"line":41,"column":17}},"31":{"start":{"line":46,"column":0},"end":{"line":46,"column":23}}},"fnMap":{"0":{"name":"(anonymous_1)","decl":{"start":{"line":15,"column":16},"end":{"line":15,"column":18}},"loc":{"start":{"line":15,"column":20},"end":{"line":45,"column":1}}},"1":{"name":"(anonymous_2)","decl":{"start":{"line":16,"column":33},"end":{"line":16,"column":34}},"loc":{"start":{"line":16,"column":51},"end":{"line":44,"column":3}}},"2":{"name":"(anonymous_3)","decl":{"start":{"line":18,"column":19},"end":{"line":18,"column":20}},"loc":{"start":{"line":18,"column":29},"end":{"line":20,"column":5}}},"3":{"name":"(anonymous_4)","decl":{"start":{"line":21,"column":20},"end":{"line":21,"column":23}},"loc":{"start":{"line":22,"column":4},"end":{"line":22,"column":null}}},"4":{"name":"(anonymous_5)","decl":{"start":{"line":29,"column":50},"end":{"line":29,"column":52}},"loc":{"start":{"line":29,"column":54},"end":{"line":42,"column":5}}},"5":{"name":"(anonymous_6)","decl":{"start":{"line":38,"column":17},"end":{"line":38,"column":18}},"loc":{"start":{"line":38,"column":28},"end":{"line":40,"column":5}}}},"branchMap":{"0":{"loc":{"start":{"line":25,"column":4},"end":{"line":43,"column":3}},"type":"if","locations":[{"start":{"line":25,"column":4},"end":{"line":43,"column":3}},{"start":{"line":28,"column":9},"end":{"line":43,"column":3}}]}},"s":{"0":3,"1":3,"2":3,"3":3,"4":3,"5":3,"6":3,"7":3,"8":3,"9":3,"10":3,"11":3,"12":3,"13":3,"14":3,"15":0,"16":3,"17":3,"18":3,"19":0,"20":0,"21":3,"22":3,"23":3,"24":3,"25":3,"26":3,"27":3,"28":3,"29":0,"30":3,"31":3},"f":{"0":3,"1":3,"2":0,"3":3,"4":3,"5":0},"b":{"0":[0,3]}}
,"C:\\Users\\עדן אהרון\\source\\repos\\advanced applications\\myapp\\src\\controllers\\auth_controller.ts": {"path":"C:\\Users\\עדן אהרון\\source\\repos\\advanced applications\\myapp\\src\\controllers\\auth_controller.ts","statementMap":{"0":{"start":{"line":2,"column":0},"end":{"line":2,"column":56}},"1":{"start":{"line":3,"column":0},"end":{"line":3,"column":28}},"2":{"start":{"line":4,"column":0},"end":{"line":4,"column":31}},"3":{"start":{"line":7,"column":17},"end":{"line":20,"column":2}},"4":{"start":{"line":7,"column":55},"end":{"line":20,"column":2}},"5":{"start":{"line":8,"column":4},"end":{"line":19,"column":5}},"6":{"start":{"line":9,"column":25},"end":{"line":9,"column":42}},"7":{"start":{"line":10,"column":21},"end":{"line":10,"column":45}},"8":{"start":{"line":11,"column":31},"end":{"line":11,"column":64}},"9":{"start":{"line":12,"column":21},"end":{"line":15,"column":10}},"10":{"start":{"line":16,"column":8},"end":{"line":16,"column":35}},"11":{"start":{"line":18,"column":8},"end":{"line":18,"column":34}},"12":{"start":{"line":27,"column":22},"end":{"line":50,"column":1}},"13":{"start":{"line":28,"column":4},"end":{"line":30,"column":5}},"14":{"start":{"line":29,"column":8},"end":{"line":29,"column":20}},"15":{"start":{"line":32,"column":19},"end":{"line":32,"column":43}},"16":{"start":{"line":33,"column":24},"end":{"line":38,"column":49}},"17":{"start":{"line":40,"column":25},"end":{"line":45,"column":57}},"18":{"start":{"line":46,"column":4},"end":{"line":49,"column":6}},"19":{"start":{"line":51,"column":14},"end":{"line":88,"column":2}},"20":{"start":{"line":51,"column":52},"end":{"line":88,"column":2}},"21":{"start":{"line":52,"column":4},"end":{"line":87,"column":5}},"22":{"start":{"line":53,"column":21},"end":{"line":53,"column":71}},"23":{"start":{"line":54,"column":8},"end":{"line":57,"column":9}},"24":{"start":{"line":55,"column":12},"end":{"line":55,"column":63}},"25":{"start":{"line":56,"column":12},"end":{"line":56,"column":19}},"26":{"start":{"line":58,"column":30},"end":{"line":58,"column":84}},"27":{"start":{"line":59,"column":8},"end":{"line":62,"column":9}},"28":{"start":{"line":60,"column":12},"end":{"line":60,"column":63}},"29":{"start":{"line":61,"column":12},"end":{"line":61,"column":19}},"30":{"start":{"line":63,"column":8},"end":{"line":66,"column":9}},"31":{"start":{"line":64,"column":12},"end":{"line":64,"column":49}},"32":{"start":{"line":65,"column":12},"end":{"line":65,"column":19}},"33":{"start":{"line":68,"column":23},"end":{"line":68,"column":46}},"34":{"start":{"line":69,"column":8},"end":{"line":72,"column":9}},"35":{"start":{"line":70,"column":12},"end":{"line":70,"column":49}},"36":{"start":{"line":71,"column":12},"end":{"line":71,"column":19}},"37":{"start":{"line":73,"column":8},"end":{"line":75,"column":9}},"38":{"start":{"line":74,"column":12},"end":{"line":74,"column":35}},"39":{"start":{"line":76,"column":8},"end":{"line":76,"column":52}},"40":{"start":{"line":77,"column":8},"end":{"line":77,"column":26}},"41":{"start":{"line":78,"column":8},"end":{"line":83,"column":15}},"42":{"start":{"line":86,"column":8},"end":{"line":86,"column":34}},"43":{"start":{"line":95,"column":27},"end":{"line":137,"column":1}},"44":{"start":{"line":96,"column":4},"end":{"line":136,"column":7}},"45":{"start":{"line":98,"column":8},"end":{"line":101,"column":9}},"46":{"start":{"line":99,"column":12},"end":{"line":99,"column":27}},"47":{"start":{"line":100,"column":12},"end":{"line":100,"column":19}},"48":{"start":{"line":103,"column":8},"end":{"line":106,"column":9}},"49":{"start":{"line":104,"column":12},"end":{"line":104,"column":27}},"50":{"start":{"line":105,"column":12},"end":{"line":105,"column":19}},"51":{"start":{"line":107,"column":8},"end":{"line":135,"column":11}},"52":{"start":{"line":107,"column":92},"end":{"line":135,"column":10}},"53":{"start":{"line":108,"column":12},"end":{"line":111,"column":13}},"54":{"start":{"line":109,"column":16},"end":{"line":109,"column":31}},"55":{"start":{"line":110,"column":16},"end":{"line":110,"column":22}},"56":{"start":{"line":113,"column":27},"end":{"line":113,"column":38}},"57":{"start":{"line":114,"column":12},"end":{"line":134,"column":13}},"58":{"start":{"line":116,"column":29},"end":{"line":116,"column":61}},"59":{"start":{"line":117,"column":16},"end":{"line":120,"column":17}},"60":{"start":{"line":118,"column":20},"end":{"line":118,"column":35}},"61":{"start":{"line":119,"column":20},"end":{"line":119,"column":27}},"62":{"start":{"line":121,"column":16},"end":{"line":126,"column":17}},"63":{"start":{"line":122,"column":20},"end":{"line":122,"column":43}},"64":{"start":{"line":123,"column":20},"end":{"line":123,"column":38}},"65":{"start":{"line":124,"column":20},"end":{"line":124,"column":35}},"66":{"start":{"line":125,"column":20},"end":{"line":125,"column":27}},"67":{"start":{"line":127,"column":31},"end":{"line":127,"column":91}},"68":{"start":{"line":127,"column":68},"end":{"line":127,"column":90}},"69":{"start":{"line":128,"column":16},"end":{"line":128,"column":43}},"70":{"start":{"line":130,"column":16},"end":{"line":130,"column":30}},"71":{"start":{"line":132,"column":16},"end":{"line":132,"column":31}},"72":{"start":{"line":133,"column":16},"end":{"line":133,"column":23}},"73":{"start":{"line":139,"column":15},"end":{"line":147,"column":2}},"74":{"start":{"line":139,"column":53},"end":{"line":147,"column":2}},"75":{"start":{"line":140,"column":4},"end":{"line":146,"column":5}},"76":{"start":{"line":141,"column":21},"end":{"line":141,"column":68}},"77":{"start":{"line":142,"column":8},"end":{"line":142,"column":26}},"78":{"start":{"line":143,"column":8},"end":{"line":143,"column":40}},"79":{"start":{"line":145,"column":8},"end":{"line":145,"column":37}},"80":{"start":{"line":149,"column":16},"end":{"line":177,"column":2}},"81":{"start":{"line":149,"column":54},"end":{"line":177,"column":2}},"82":{"start":{"line":150,"column":4},"end":{"line":176,"column":5}},"83":{"start":{"line":151,"column":21},"end":{"line":151,"column":68}},"84":{"start":{"line":152,"column":8},"end":{"line":155,"column":9}},"85":{"start":{"line":153,"column":12},"end":{"line":153,"column":41}},"86":{"start":{"line":154,"column":12},"end":{"line":154,"column":19}},"87":{"start":{"line":156,"column":23},"end":{"line":156,"column":46}},"88":{"start":{"line":158,"column":8},"end":{"line":161,"column":9}},"89":{"start":{"line":159,"column":12},"end":{"line":159,"column":49}},"90":{"start":{"line":160,"column":12},"end":{"line":160,"column":19}},"91":{"start":{"line":162,"column":8},"end":{"line":164,"column":9}},"92":{"start":{"line":163,"column":12},"end":{"line":163,"column":35}},"93":{"start":{"line":165,"column":8},"end":{"line":165,"column":52}},"94":{"start":{"line":166,"column":8},"end":{"line":166,"column":26}},"95":{"start":{"line":167,"column":8},"end":{"line":172,"column":15}},"96":{"start":{"line":175,"column":8},"end":{"line":175,"column":37}},"97":{"start":{"line":183,"column":30},"end":{"line":204,"column":1}},"98":{"start":{"line":184,"column":26},"end":{"line":184,"column":53}},"99":{"start":{"line":185,"column":18},"end":{"line":185,"column":62}},"100":{"start":{"line":187,"column":4},"end":{"line":190,"column":5}},"101":{"start":{"line":188,"column":8},"end":{"line":188,"column":46}},"102":{"start":{"line":189,"column":8},"end":{"line":189,"column":15}},"103":{"start":{"line":191,"column":4},"end":{"line":194,"column":5}},"104":{"start":{"line":192,"column":8},"end":{"line":192,"column":45}},"105":{"start":{"line":193,"column":8},"end":{"line":193,"column":15}},"106":{"start":{"line":196,"column":4},"end":{"line":203,"column":7}},"107":{"start":{"line":197,"column":8},"end":{"line":200,"column":9}},"108":{"start":{"line":198,"column":12},"end":{"line":198,"column":50}},"109":{"start":{"line":199,"column":12},"end":{"line":199,"column":19}},"110":{"start":{"line":201,"column":8},"end":{"line":201,"column":53}},"111":{"start":{"line":202,"column":8},"end":{"line":202,"column":15}},"112":{"start":{"line":183,"column":13},"end":{"line":183,"column":30}},"113":{"start":{"line":206,"column":0},"end":{"line":211,"column":2}}},"fnMap":{"0":{"name":"(anonymous_8)","decl":{"start":{"line":7,"column":17},"end":{"line":7,"column":24}},"loc":{"start":{"line":7,"column":55},"end":{"line":20,"column":2}}},"1":{"name":"(anonymous_9)","decl":{"start":{"line":7,"column":55},"end":{"line":7,"column":null}},"loc":{"start":{"line":7,"column":55},"end":{"line":20,"column":1}}},"2":{"name":"(anonymous_10)","decl":{"start":{"line":27,"column":22},"end":{"line":27,"column":23}},"loc":{"start":{"line":27,"column":57},"end":{"line":50,"column":1}}},"3":{"name":"(anonymous_11)","decl":{"start":{"line":51,"column":14},"end":{"line":51,"column":21}},"loc":{"start":{"line":51,"column":52},"end":{"line":88,"column":2}}},"4":{"name":"(anonymous_12)","decl":{"start":{"line":51,"column":52},"end":{"line":51,"column":null}},"loc":{"start":{"line":51,"column":52},"end":{"line":88,"column":1}}},"5":{"name":"(anonymous_13)","decl":{"start":{"line":95,"column":27},"end":{"line":95,"column":28}},"loc":{"start":{"line":95,"column":64},"end":{"line":137,"column":1}}},"6":{"name":"(anonymous_14)","decl":{"start":{"line":96,"column":30},"end":{"line":96,"column":31}},"loc":{"start":{"line":96,"column":50},"end":{"line":136,"column":5}}},"7":{"name":"(anonymous_15)","decl":{"start":{"line":107,"column":59},"end":{"line":107,"column":66}},"loc":{"start":{"line":107,"column":92},"end":{"line":135,"column":10}}},"8":{"name":"(anonymous_16)","decl":{"start":{"line":107,"column":92},"end":{"line":107,"column":null}},"loc":{"start":{"line":107,"column":92},"end":{"line":135,"column":9}}},"9":{"name":"(anonymous_17)","decl":{"start":{"line":127,"column":57},"end":{"line":127,"column":58}},"loc":{"start":{"line":127,"column":68},"end":{"line":127,"column":90}}},"10":{"name":"(anonymous_18)","decl":{"start":{"line":139,"column":15},"end":{"line":139,"column":22}},"loc":{"start":{"line":139,"column":53},"end":{"line":147,"column":2}}},"11":{"name":"(anonymous_19)","decl":{"start":{"line":139,"column":53},"end":{"line":139,"column":null}},"loc":{"start":{"line":139,"column":53},"end":{"line":147,"column":1}}},"12":{"name":"(anonymous_20)","decl":{"start":{"line":149,"column":16},"end":{"line":149,"column":23}},"loc":{"start":{"line":149,"column":54},"end":{"line":177,"column":2}}},"13":{"name":"(anonymous_21)","decl":{"start":{"line":149,"column":54},"end":{"line":149,"column":null}},"loc":{"start":{"line":149,"column":54},"end":{"line":177,"column":1}}},"14":{"name":"(anonymous_22)","decl":{"start":{"line":183,"column":30},"end":{"line":183,"column":31}},"loc":{"start":{"line":183,"column":82},"end":{"line":204,"column":1}}},"15":{"name":"(anonymous_23)","decl":{"start":{"line":196,"column":48},"end":{"line":196,"column":49}},"loc":{"start":{"line":196,"column":65},"end":{"line":203,"column":5}}}},"branchMap":{"0":{"loc":{"start":{"line":28,"column":4},"end":{"line":30,"column":5}},"type":"if","locations":[{"start":{"line":28,"column":4},"end":{"line":30,"column":5}}]},"1":{"loc":{"start":{"line":54,"column":8},"end":{"line":57,"column":9}},"type":"if","locations":[{"start":{"line":54,"column":8},"end":{"line":57,"column":9}}]},"2":{"loc":{"start":{"line":59,"column":8},"end":{"line":62,"column":9}},"type":"if","locations":[{"start":{"line":59,"column":8},"end":{"line":62,"column":9}}]},"3":{"loc":{"start":{"line":63,"column":8},"end":{"line":66,"column":9}},"type":"if","locations":[{"start":{"line":63,"column":8},"end":{"line":66,"column":9}}]},"4":{"loc":{"start":{"line":69,"column":8},"end":{"line":72,"column":9}},"type":"if","locations":[{"start":{"line":69,"column":8},"end":{"line":72,"column":9}}]},"5":{"loc":{"start":{"line":73,"column":8},"end":{"line":75,"column":9}},"type":"if","locations":[{"start":{"line":73,"column":8},"end":{"line":75,"column":9}}]},"6":{"loc":{"start":{"line":98,"column":8},"end":{"line":101,"column":9}},"type":"if","locations":[{"start":{"line":98,"column":8},"end":{"line":101,"column":9}}]},"7":{"loc":{"start":{"line":103,"column":8},"end":{"line":106,"column":9}},"type":"if","locations":[{"start":{"line":103,"column":8},"end":{"line":106,"column":9}}]},"8":{"loc":{"start":{"line":108,"column":12},"end":{"line":111,"column":13}},"type":"if","locations":[{"start":{"line":108,"column":12},"end":{"line":111,"column":13}}]},"9":{"loc":{"start":{"line":117,"column":16},"end":{"line":120,"column":17}},"type":"if","locations":[{"start":{"line":117,"column":16},"end":{"line":120,"column":17}}]},"10":{"loc":{"start":{"line":121,"column":16},"end":{"line":126,"column":17}},"type":"if","locations":[{"start":{"line":121,"column":16},"end":{"line":126,"column":17}}]},"11":{"loc":{"start":{"line":121,"column":20},"end":{"line":121,"column":83}},"type":"binary-expr","locations":[{"start":{"line":121,"column":20},"end":{"line":121,"column":38}},{"start":{"line":121,"column":42},"end":{"line":121,"column":83}}]},"12":{"loc":{"start":{"line":152,"column":8},"end":{"line":155,"column":9}},"type":"if","locations":[{"start":{"line":152,"column":8},"end":{"line":155,"column":9}}]},"13":{"loc":{"start":{"line":158,"column":8},"end":{"line":161,"column":9}},"type":"if","locations":[{"start":{"line":158,"column":8},"end":{"line":161,"column":9}}]},"14":{"loc":{"start":{"line":162,"column":8},"end":{"line":164,"column":9}},"type":"if","locations":[{"start":{"line":162,"column":8},"end":{"line":164,"column":9}}]},"15":{"loc":{"start":{"line":185,"column":18},"end":{"line":185,"column":62}},"type":"binary-expr","locations":[{"start":{"line":185,"column":18},"end":{"line":185,"column":31}},{"start":{"line":185,"column":35},"end":{"line":185,"column":62}}]},"16":{"loc":{"start":{"line":187,"column":4},"end":{"line":190,"column":5}},"type":"if","locations":[{"start":{"line":187,"column":4},"end":{"line":190,"column":5}}]},"17":{"loc":{"start":{"line":191,"column":4},"end":{"line":194,"column":5}},"type":"if","locations":[{"start":{"line":191,"column":4},"end":{"line":194,"column":5}}]},"18":{"loc":{"start":{"line":197,"column":8},"end":{"line":200,"column":9}},"type":"if","locations":[{"start":{"line":197,"column":8},"end":{"line":200,"column":9}}]}},"s":{"0":3,"1":3,"2":3,"3":3,"4":5,"5":5,"6":5,"7":5,"8":5,"9":4,"10":2,"11":3,"12":3,"13":5,"14":0,"15":5,"16":5,"17":5,"18":5,"19":3,"20":7,"21":7,"22":7,"23":7,"24":1,"25":1,"26":6,"27":6,"28":1,"29":1,"30":5,"31":0,"32":0,"33":5,"34":5,"35":0,"36":0,"37":5,"38":0,"39":5,"40":5,"41":5,"42":0,"43":3,"44":0,"45":0,"46":0,"47":0,"48":0,"49":0,"50":0,"51":0,"52":0,"53":0,"54":0,"55":0,"56":0,"57":0,"58":0,"59":0,"60":0,"61":0,"62":0,"63":0,"64":0,"65":0,"66":0,"67":0,"68":0,"69":0,"70":0,"71":0,"72":0,"73":3,"74":0,"75":0,"76":0,"77":0,"78":0,"79":0,"80":3,"81":0,"82":0,"83":0,"84":0,"85":0,"86":0,"87":0,"88":0,"89":0,"90":0,"91":0,"92":0,"93":0,"94":0,"95":0,"96":0,"97":3,"98":4,"99":4,"100":4,"101":2,"102":2,"103":2,"104":0,"105":0,"106":2,"107":2,"108":0,"109":0,"110":2,"111":2,"112":3,"113":3},"f":{"0":5,"1":5,"2":5,"3":7,"4":7,"5":0,"6":0,"7":0,"8":0,"9":0,"10":0,"11":0,"12":0,"13":0,"14":4,"15":2},"b":{"0":[0],"1":[1],"2":[1],"3":[0],"4":[0],"5":[0],"6":[0],"7":[0],"8":[0],"9":[0],"10":[0],"11":[0,0],"12":[0],"13":[0],"14":[0],"15":[4,2],"16":[2],"17":[0],"18":[0]}}
,"C:\\Users\\עדן אהרון\\source\\repos\\advanced applications\\myapp\\src\\controllers\\base_controller.ts": {"path":"C:\\Users\\עדן אהרון\\source\\repos\\advanced applications\\myapp\\src\\controllers\\base_controller.ts","statementMap":{"0":{"start":{"line":7,"column":8},"end":{"line":7,"column":27}},"1":{"start":{"line":11,"column":23},"end":{"line":11,"column":38}},"2":{"start":{"line":12,"column":8},"end":{"line":22,"column":9}},"3":{"start":{"line":13,"column":12},"end":{"line":19,"column":13}},"4":{"start":{"line":14,"column":29},"end":{"line":14,"column":69}},"5":{"start":{"line":15,"column":16},"end":{"line":15,"column":31}},"6":{"start":{"line":17,"column":30},"end":{"line":17,"column":53}},"7":{"start":{"line":18,"column":16},"end":{"line":18,"column":32}},"8":{"start":{"line":21,"column":12},"end":{"line":21,"column":40}},"9":{"start":{"line":26,"column":19},"end":{"line":26,"column":32}},"10":{"start":{"line":28,"column":8},"end":{"line":37,"column":9}},"11":{"start":{"line":29,"column":25},"end":{"line":29,"column":54}},"12":{"start":{"line":30,"column":12},"end":{"line":34,"column":13}},"13":{"start":{"line":31,"column":16},"end":{"line":31,"column":31}},"14":{"start":{"line":33,"column":16},"end":{"line":33,"column":50}},"15":{"start":{"line":36,"column":12},"end":{"line":36,"column":40}},"16":{"start":{"line":41,"column":21},"end":{"line":41,"column":29}},"17":{"start":{"line":42,"column":8},"end":{"line":47,"column":9}},"18":{"start":{"line":43,"column":25},"end":{"line":43,"column":54}},"19":{"start":{"line":44,"column":12},"end":{"line":44,"column":39}},"20":{"start":{"line":46,"column":12},"end":{"line":46,"column":40}},"21":{"start":{"line":51,"column":19},"end":{"line":51,"column":32}},"22":{"start":{"line":52,"column":8},"end":{"line":57,"column":9}},"23":{"start":{"line":53,"column":23},"end":{"line":53,"column":61}},"24":{"start":{"line":54,"column":12},"end":{"line":54,"column":44}},"25":{"start":{"line":56,"column":12},"end":{"line":56,"column":40}},"26":{"start":{"line":63,"column":0},"end":{"line":63,"column":null}}},"fnMap":{"0":{"name":"(anonymous_7)","decl":{"start":{"line":6,"column":4},"end":{"line":6,"column":16}},"loc":{"start":{"line":6,"column":26},"end":{"line":8,"column":5}}},"1":{"name":"(anonymous_8)","decl":{"start":{"line":10,"column":10},"end":{"line":10,"column":16}},"loc":{"start":{"line":10,"column":44},"end":{"line":23,"column":6}}},"2":{"name":"(anonymous_10)","decl":{"start":{"line":25,"column":10},"end":{"line":25,"column":17}},"loc":{"start":{"line":25,"column":45},"end":{"line":38,"column":6}}},"3":{"name":"(anonymous_12)","decl":{"start":{"line":40,"column":10},"end":{"line":40,"column":16}},"loc":{"start":{"line":40,"column":44},"end":{"line":48,"column":6}}},"4":{"name":"(anonymous_14)","decl":{"start":{"line":50,"column":10},"end":{"line":50,"column":20}},"loc":{"start":{"line":50,"column":48},"end":{"line":58,"column":6}}}},"branchMap":{"0":{"loc":{"start":{"line":13,"column":12},"end":{"line":19,"column":13}},"type":"if","locations":[{"start":{"line":13,"column":12},"end":{"line":19,"column":13}},{"start":{"line":16,"column":19},"end":{"line":19,"column":13}}]},"1":{"loc":{"start":{"line":30,"column":12},"end":{"line":34,"column":13}},"type":"if","locations":[{"start":{"line":30,"column":12},"end":{"line":34,"column":13}},{"start":{"line":32,"column":19},"end":{"line":34,"column":13}}]}},"s":{"0":6,"1":3,"2":3,"3":3,"4":1,"5":1,"6":2,"7":2,"8":0,"9":1,"10":1,"11":1,"12":0,"13":0,"14":0,"15":1,"16":2,"17":2,"18":2,"19":2,"20":0,"21":0,"22":0,"23":0,"24":0,"25":0,"26":3},"f":{"0":6,"1":3,"2":1,"3":2,"4":0},"b":{"0":[1,2],"1":[0,0]}}
,"C:\\Users\\עדן אהרון\\source\\repos\\advanced applications\\myapp\\src\\controllers\\comments_controller.ts": {"path":"C:\\Users\\עדן אהרון\\source\\repos\\advanced applications\\myapp\\src\\controllers\\comments_controller.ts","statementMap":{"0":{"start":{"line":1,"column":0},"end":{"line":1,"column":65}},"1":{"start":{"line":3,"column":0},"end":{"line":3,"column":47}},"2":{"start":{"line":5,"column":27},"end":{"line":5,"column":70}},"3":{"start":{"line":7,"column":1},"end":{"line":7,"column":35}}},"fnMap":{},"branchMap":{},"s":{"0":3,"1":3,"2":3,"3":3},"f":{},"b":{}}
,"C:\\Users\\עדן אהרון\\source\\repos\\advanced applications\\myapp\\src\\controllers\\post_controller.ts": {"path":"C:\\Users\\עדן אהרון\\source\\repos\\advanced applications\\myapp\\src\\controllers\\post_controller.ts","statementMap":{"0":{"start":{"line":1,"column":0},"end":{"line":1,"column":56}},"1":{"start":{"line":3,"column":0},"end":{"line":3,"column":47}},"2":{"start":{"line":7,"column":8},"end":{"line":7,"column":25}},"3":{"start":{"line":11,"column":23},"end":{"line":11,"column":40}},"4":{"start":{"line":12,"column":18},"end":{"line":14,"column":null}},"5":{"start":{"line":16,"column":8},"end":{"line":16,"column":24}},"6":{"start":{"line":17,"column":8},"end":{"line":17,"column":31}},"7":{"start":{"line":22,"column":0},"end":{"line":22,"column":37}}},"fnMap":{"0":{"name":"(anonymous_8)","decl":{"start":{"line":6,"column":4},"end":{"line":6,"column":null}},"loc":{"start":{"line":6,"column":4},"end":{"line":8,"column":5}}},"1":{"name":"(anonymous_9)","decl":{"start":{"line":10,"column":10},"end":{"line":10,"column":16}},"loc":{"start":{"line":10,"column":44},"end":{"line":18,"column":6}}}},"branchMap":{},"s":{"0":3,"1":3,"2":3,"3":2,"4":2,"5":2,"6":2,"7":3},"f":{"0":3,"1":2},"b":{}}
,"C:\\Users\\עדן אהרון\\source\\repos\\advanced applications\\myapp\\src\\models\\comments_model.ts": {"path":"C:\\Users\\עדן אהרון\\source\\repos\\advanced applications\\myapp\\src\\models\\comments_model.ts","statementMap":{"0":{"start":{"line":1,"column":0},"end":{"line":1,"column":32}},"1":{"start":{"line":9,"column":23},"end":{"line":22,"column":4}},"2":{"start":{"line":24,"column":24},"end":{"line":24,"column":76}},"3":{"start":{"line":26,"column":2},"end":{"line":26,"column":31}}},"fnMap":{},"branchMap":{},"s":{"0":3,"1":3,"2":3,"3":3},"f":{},"b":{}}
,"C:\\Users\\עדן אהרון\\source\\repos\\advanced applications\\myapp\\src\\models\\post_model.ts": {"path":"C:\\Users\\עדן אהרון\\source\\repos\\advanced applications\\myapp\\src\\models\\post_model.ts","statementMap":{"0":{"start":{"line":1,"column":0},"end":{"line":1,"column":32}},"1":{"start":{"line":9,"column":19},"end":{"line":19,"column":2}},"2":{"start":{"line":21,"column":18},"end":{"line":21,"column":60}},"3":{"start":{"line":23,"column":0},"end":{"line":23,"column":25}}},"fnMap":{},"branchMap":{},"s":{"0":3,"1":3,"2":3,"3":3},"f":{},"b":{}}
,"C:\\Users\\עדן אהרון\\source\\repos\\advanced applications\\myapp\\src\\models\\user_model.ts": {"path":"C:\\Users\\עדן אהרון\\source\\repos\\advanced applications\\myapp\\src\\models\\user_model.ts","statementMap":{"0":{"start":{"line":1,"column":0},"end":{"line":1,"column":32}},"1":{"start":{"line":10,"column":19},"end":{"line":24,"column":2}},"2":{"start":{"line":26,"column":18},"end":{"line":26,"column":60}},"3":{"start":{"line":28,"column":0},"end":{"line":28,"column":25}}},"fnMap":{},"branchMap":{},"s":{"0":3,"1":3,"2":3,"3":3},"f":{},"b":{}}
,"C:\\Users\\עדן אהרון\\source\\repos\\advanced applications\\myapp\\src\\routes\\auth_routes.ts": {"path":"C:\\Users\\עדן אהרון\\source\\repos\\advanced applications\\myapp\\src\\routes\\auth_routes.ts","statementMap":{"0":{"start":{"line":1,"column":0},"end":{"line":1,"column":30}},"1":{"start":{"line":2,"column":15},"end":{"line":2,"column":31}},"2":{"start":{"line":3,"column":0},"end":{"line":3,"column":60}},"3":{"start":{"line":5,"column":0},"end":{"line":5,"column":50}},"4":{"start":{"line":7,"column":0},"end":{"line":7,"column":44}},"5":{"start":{"line":10,"column":0},"end":{"line":10,"column":22}}},"fnMap":{},"branchMap":{},"s":{"0":3,"1":3,"2":3,"3":3,"4":3,"5":3},"f":{},"b":{}}
,"C:\\Users\\עדן אהרון\\source\\repos\\advanced applications\\myapp\\src\\routes\\comments_routes.ts": {"path":"C:\\Users\\עדן אהרון\\source\\repos\\advanced applications\\myapp\\src\\routes\\comments_routes.ts","statementMap":{"0":{"start":{"line":1,"column":0},"end":{"line":1,"column":30}},"1":{"start":{"line":2,"column":15},"end":{"line":2,"column":31}},"2":{"start":{"line":3,"column":0},"end":{"line":3,"column":68}},"3":{"start":{"line":4,"column":0},"end":{"line":4,"column":62}},"4":{"start":{"line":6,"column":0},"end":{"line":6,"column":67}},"5":{"start":{"line":8,"column":0},"end":{"line":8,"column":71}},"6":{"start":{"line":10,"column":0},"end":{"line":10,"column":84}},"7":{"start":{"line":12,"column":0},"end":{"line":12,"column":93}},"8":{"start":{"line":14,"column":0},"end":{"line":14,"column":22}}},"fnMap":{},"branchMap":{},"s":{"0":3,"1":3,"2":3,"3":3,"4":3,"5":3,"6":3,"7":3,"8":3},"f":{},"b":{}}
,"C:\\Users\\עדן אהרון\\source\\repos\\advanced applications\\myapp\\src\\routes\\posts_routes.ts": {"path":"C:\\Users\\עדן אהרון\\source\\repos\\advanced applications\\myapp\\src\\routes\\posts_routes.ts","statementMap":{"0":{"start":{"line":1,"column":0},"end":{"line":1,"column":30}},"1":{"start":{"line":2,"column":15},"end":{"line":2,"column":31}},"2":{"start":{"line":3,"column":0},"end":{"line":3,"column":61}},"3":{"start":{"line":4,"column":0},"end":{"line":4,"column":64}},"4":{"start":{"line":63,"column":0},"end":{"line":63,"column":62}},"5":{"start":{"line":92,"column":0},"end":{"line":92,"column":66}},"6":{"start":{"line":133,"column":0},"end":{"line":133,"column":79}},"7":{"start":{"line":161,"column":0},"end":{"line":161,"column":88}},"8":{"start":{"line":163,"column":0},"end":{"line":163,"column":22}}},"fnMap":{},"branchMap":{},"s":{"0":3,"1":3,"2":3,"3":3,"4":3,"5":3,"6":3,"7":3,"8":3},"f":{},"b":{}}
}
