TN:
SF:src\server.ts
FN:15,(anonymous_1)
FN:16,(anonymous_2)
FN:18,(anonymous_3)
FN:21,(anonymous_4)
FN:29,(anonymous_5)
FN:38,(anonymous_6)
FNF:6
FNH:4
FNDA:3,(anonymous_1)
FNDA:3,(anonymous_2)
FNDA:0,(anonymous_3)
FNDA:3,(anonymous_4)
FNDA:3,(anonymous_5)
FNDA:0,(anonymous_6)
DA:1,3
DA:2,3
DA:4,3
DA:5,3
DA:6,3
DA:8,3
DA:9,3
DA:10,3
DA:11,3
DA:12,3
DA:13,3
DA:15,3
DA:16,3
DA:17,3
DA:18,3
DA:19,0
DA:21,3
DA:22,3
DA:25,3
DA:26,0
DA:27,0
DA:29,3
DA:30,3
DA:33,3
DA:34,3
DA:35,3
DA:36,3
DA:37,3
DA:38,3
DA:39,0
DA:41,3
DA:46,3
LF:32
LH:28
BRDA:25,0,0,0
BRDA:25,0,1,3
BRF:2
BRH:1
end_of_record
TN:
SF:src\controllers\auth_controller.ts
FN:7,(anonymous_8)
FN:7,(anonymous_9)
FN:27,(anonymous_10)
FN:51,(anonymous_11)
FN:51,(anonymous_12)
FN:95,(anonymous_13)
FN:96,(anonymous_14)
FN:107,(anonymous_15)
FN:107,(anonymous_16)
FN:127,(anonymous_17)
FN:139,(anonymous_18)
FN:139,(anonymous_19)
FN:149,(anonymous_20)
FN:149,(anonymous_21)
FN:183,(anonymous_22)
FN:196,(anonymous_23)
FNF:16
FNH:7
FNDA:5,(anonymous_8)
FNDA:5,(anonymous_9)
FNDA:5,(anonymous_10)
FNDA:7,(anonymous_11)
FNDA:7,(anonymous_12)
FNDA:0,(anonymous_13)
FNDA:0,(anonymous_14)
FNDA:0,(anonymous_15)
FNDA:0,(anonymous_16)
FNDA:0,(anonymous_17)
FNDA:0,(anonymous_18)
FNDA:0,(anonymous_19)
FNDA:0,(anonymous_20)
FNDA:0,(anonymous_21)
FNDA:4,(anonymous_22)
FNDA:2,(anonymous_23)
DA:2,3
DA:3,3
DA:4,3
DA:7,5
DA:8,5
DA:9,5
DA:10,5
DA:11,5
DA:12,4
DA:16,2
DA:18,3
DA:27,3
DA:28,5
DA:29,0
DA:32,5
DA:33,5
DA:40,5
DA:46,5
DA:51,7
DA:52,7
DA:53,7
DA:54,7
DA:55,1
DA:56,1
DA:58,6
DA:59,6
DA:60,1
DA:61,1
DA:63,5
DA:64,0
DA:65,0
DA:68,5
DA:69,5
DA:70,0
DA:71,0
DA:73,5
DA:74,0
DA:76,5
DA:77,5
DA:78,5
DA:86,0
DA:95,3
DA:96,0
DA:98,0
DA:99,0
DA:100,0
DA:103,0
DA:104,0
DA:105,0
DA:107,0
DA:108,0
DA:109,0
DA:110,0
DA:113,0
DA:114,0
DA:116,0
DA:117,0
DA:118,0
DA:119,0
DA:121,0
DA:122,0
DA:123,0
DA:124,0
DA:125,0
DA:127,0
DA:128,0
DA:130,0
DA:132,0
DA:133,0
DA:139,3
DA:140,0
DA:141,0
DA:142,0
DA:143,0
DA:145,0
DA:149,3
DA:150,0
DA:151,0
DA:152,0
DA:153,0
DA:154,0
DA:156,0
DA:158,0
DA:159,0
DA:160,0
DA:162,0
DA:163,0
DA:165,0
DA:166,0
DA:167,0
DA:175,0
DA:183,3
DA:184,4
DA:185,4
DA:187,4
DA:188,2
DA:189,2
DA:191,2
DA:192,0
DA:193,0
DA:196,2
DA:197,2
DA:198,0
DA:199,0
DA:201,2
DA:202,2
DA:206,3
LF:107
LH:49
BRDA:28,0,0,0
BRDA:54,1,0,1
BRDA:59,2,0,1
BRDA:63,3,0,0
BRDA:69,4,0,0
BRDA:73,5,0,0
BRDA:98,6,0,0
BRDA:103,7,0,0
BRDA:108,8,0,0
BRDA:117,9,0,0
BRDA:121,10,0,0
BRDA:121,11,0,0
BRDA:121,11,1,0
BRDA:152,12,0,0
BRDA:158,13,0,0
BRDA:162,14,0,0
BRDA:185,15,0,4
BRDA:185,15,1,2
BRDA:187,16,0,2
BRDA:191,17,0,0
BRDA:197,18,0,0
BRF:21
BRH:5
end_of_record
TN:
SF:src\controllers\base_controller.ts
FN:6,(anonymous_7)
FN:10,(anonymous_8)
FN:25,(anonymous_10)
FN:40,(anonymous_12)
FN:50,(anonymous_14)
FNF:5
FNH:4
FNDA:6,(anonymous_7)
FNDA:3,(anonymous_8)
FNDA:1,(anonymous_10)
FNDA:2,(anonymous_12)
FNDA:0,(anonymous_14)
DA:7,6
DA:11,3
DA:12,3
DA:13,3
DA:14,1
DA:15,1
DA:17,2
DA:18,2
DA:21,0
DA:26,1
DA:28,1
DA:29,1
DA:30,0
DA:31,0
DA:33,0
DA:36,1
DA:41,2
DA:42,2
DA:43,2
DA:44,2
DA:46,0
DA:51,0
DA:52,0
DA:53,0
DA:54,0
DA:56,0
DA:63,3
LF:27
LH:17
BRDA:13,0,0,1
BRDA:13,0,1,2
BRDA:30,1,0,0
BRDA:30,1,1,0
BRF:4
BRH:2
end_of_record
TN:
SF:src\controllers\comments_controller.ts
FNF:0
FNH:0
DA:1,3
DA:3,3
DA:5,3
DA:7,3
LF:4
LH:4
BRF:0
BRH:0
end_of_record
TN:
SF:src\controllers\post_controller.ts
FN:6,(anonymous_8)
FN:10,(anonymous_9)
FNF:2
FNH:2
FNDA:3,(anonymous_8)
FNDA:2,(anonymous_9)
DA:1,3
DA:3,3
DA:7,3
DA:11,2
DA:12,2
DA:16,2
DA:17,2
DA:22,3
LF:8
LH:8
BRF:0
BRH:0
end_of_record
TN:
SF:src\models\comments_model.ts
FNF:0
FNH:0
DA:1,3
DA:9,3
DA:24,3
DA:26,3
LF:4
LH:4
BRF:0
BRH:0
end_of_record
TN:
SF:src\models\post_model.ts
FNF:0
FNH:0
DA:1,3
DA:9,3
DA:21,3
DA:23,3
LF:4
LH:4
BRF:0
BRH:0
end_of_record
TN:
SF:src\models\user_model.ts
FNF:0
FNH:0
DA:1,3
DA:10,3
DA:26,3
DA:28,3
LF:4
LH:4
BRF:0
BRH:0
end_of_record
TN:
SF:src\routes\auth_routes.ts
FNF:0
FNH:0
DA:1,3
DA:2,3
DA:3,3
DA:5,3
DA:7,3
DA:10,3
LF:6
LH:6
BRF:0
BRH:0
end_of_record
TN:
SF:src\routes\comments_routes.ts
FNF:0
FNH:0
DA:1,3
DA:2,3
DA:3,3
DA:4,3
DA:6,3
DA:8,3
DA:10,3
DA:12,3
DA:14,3
LF:9
LH:9
BRF:0
BRH:0
end_of_record
TN:
SF:src\routes\posts_routes.ts
FNF:0
FNH:0
DA:1,3
DA:2,3
DA:3,3
DA:4,3
DA:63,3
DA:92,3
DA:133,3
DA:161,3
DA:163,3
LF:9
LH:9
BRF:0
BRH:0
end_of_record
