TN:
SF:src\server.ts
FN:15,(anonymous_1)
FN:16,(anonymous_2)
FN:18,(anonymous_3)
FN:21,(anonymous_4)
FN:29,(anonymous_5)
FN:38,(anonymous_6)
FNF:6
FNH:4
FNDA:3,(anonymous_1)
FNDA:3,(anonymous_2)
FNDA:0,(anonymous_3)
FNDA:3,(anonymous_4)
FNDA:3,(anonymous_5)
FNDA:0,(anonymous_6)
DA:1,3
DA:2,3
DA:4,3
DA:5,3
DA:6,3
DA:8,3
DA:9,3
DA:10,3
DA:11,3
DA:12,3
DA:13,3
DA:15,3
DA:16,3
DA:17,3
DA:18,3
DA:19,0
DA:21,3
DA:22,3
DA:25,3
DA:26,0
DA:27,0
DA:29,3
DA:30,3
DA:33,3
DA:34,3
DA:35,3
DA:36,3
DA:37,3
DA:38,3
DA:39,0
DA:41,3
DA:46,3
LF:32
LH:28
BRDA:25,0,0,0
BRDA:25,0,1,3
BRF:2
BRH:1
end_of_record
TN:
SF:src\controllers\auth_controller.ts
FN:7,(anonymous_8)
FN:7,(anonymous_9)
FN:41,(anonymous_10)
FN:41,(anonymous_11)
FN:84,(anonymous_12)
FN:97,(anonymous_13)
FNF:6
FNH:6
FNDA:2,(anonymous_8)
FNDA:2,(anonymous_9)
FNDA:1,(anonymous_10)
FNDA:1,(anonymous_11)
FNDA:5,(anonymous_12)
FNDA:2,(anonymous_13)
DA:2,3
DA:3,3
DA:4,3
DA:7,3
DA:8,2
DA:10,2
DA:11,0
DA:12,0
DA:15,2
DA:16,2
DA:17,2
DA:18,1
DA:19,1
DA:22,1
DA:23,1
DA:24,1
DA:28,1
DA:36,0
DA:37,0
DA:41,3
DA:42,1
DA:43,1
DA:45,1
DA:46,0
DA:48,1
DA:49,1
DA:50,1
DA:51,0
DA:52,0
DA:55,1
DA:56,1
DA:57,0
DA:58,0
DA:60,1
DA:61,0
DA:62,0
DA:65,1
DA:70,1
DA:76,0
DA:84,3
DA:85,5
DA:86,5
DA:88,5
DA:89,3
DA:90,3
DA:92,2
DA:93,0
DA:94,0
DA:97,2
DA:98,2
DA:99,1
DA:100,1
DA:102,1
DA:103,1
DA:106,3
LF:55
LH:41
BRDA:10,0,0,0
BRDA:10,1,0,2
BRDA:10,1,1,2
BRDA:17,2,0,1
BRDA:45,3,0,0
BRDA:45,4,0,1
BRDA:45,4,1,1
BRDA:50,5,0,0
BRDA:56,6,0,0
BRDA:60,7,0,0
BRDA:86,8,0,5
BRDA:86,8,1,2
BRDA:88,9,0,3
BRDA:92,10,0,0
BRDA:98,11,0,1
BRF:15
BRH:9
end_of_record
TN:
SF:src\controllers\base_controller.ts
FN:8,(anonymous_7)
FN:12,(anonymous_8)
FN:28,(anonymous_10)
FN:39,(anonymous_12)
FN:50,(anonymous_14)
FNF:5
FNH:4
FNDA:6,(anonymous_7)
FNDA:6,(anonymous_8)
FNDA:1,(anonymous_10)
FNDA:2,(anonymous_12)
FNDA:0,(anonymous_14)
DA:9,6
DA:13,6
DA:14,6
DA:15,6
DA:16,2
DA:17,2
DA:19,4
DA:20,4
DA:24,0
DA:29,1
DA:30,1
DA:31,1
DA:32,1
DA:34,0
DA:40,2
DA:41,2
DA:42,2
DA:44,0
DA:46,2
DA:51,0
DA:52,0
DA:56,3
LF:22
LH:17
BRDA:15,0,0,2
BRDA:15,0,1,4
BRF:2
BRH:2
end_of_record
TN:
SF:src\controllers\comments_controller.ts
FNF:0
FNH:0
DA:1,3
DA:3,3
DA:5,3
DA:7,3
LF:4
LH:4
BRF:0
BRH:0
end_of_record
TN:
SF:src\controllers\post_controller.ts
FN:7,(anonymous_8)
FN:11,(anonymous_9)
FNF:2
FNH:2
FNDA:3,(anonymous_8)
FNDA:1,(anonymous_9)
DA:1,3
DA:3,3
DA:8,3
DA:12,1
DA:13,1
DA:17,1
DA:18,1
DA:22,3
LF:8
LH:8
BRF:0
BRH:0
end_of_record
TN:
SF:src\models\comments_model.ts
FNF:0
FNH:0
DA:1,3
DA:9,3
DA:24,3
DA:26,3
LF:4
LH:4
BRF:0
BRH:0
end_of_record
TN:
SF:src\models\post_model.ts
FNF:0
FNH:0
DA:1,3
DA:9,3
DA:21,3
DA:23,3
LF:4
LH:4
BRF:0
BRH:0
end_of_record
TN:
SF:src\models\user_model.ts
FNF:0
FNH:0
DA:1,3
DA:11,3
DA:22,3
DA:24,3
LF:4
LH:4
BRF:0
BRH:0
end_of_record
TN:
SF:src\routes\auth_routes.ts
FNF:0
FNH:0
DA:1,3
DA:2,3
DA:3,3
DA:5,3
DA:7,3
DA:10,3
LF:6
LH:6
BRF:0
BRH:0
end_of_record
TN:
SF:src\routes\comments_routes.ts
FNF:0
FNH:0
DA:1,3
DA:2,3
DA:3,3
DA:4,3
DA:6,3
DA:8,3
DA:10,3
DA:12,3
DA:14,3
LF:9
LH:9
BRF:0
BRH:0
end_of_record
TN:
SF:src\routes\posts_routes.ts
FN:10,(anonymous_1)
FNF:1
FNH:1
FNDA:1,(anonymous_1)
DA:1,3
DA:2,3
DA:3,3
DA:4,3
DA:6,3
DA:8,3
DA:10,3
DA:11,1
DA:13,3
DA:15,3
LF:10
LH:10
BRF:0
BRH:0
end_of_record
